<?xml version="1.0" encoding="UTF-8"?>
<!-- Generated by org.testng.reporters.JUnitReportReporter -->
<testsuite hostname="LAPTOP-E70RRGE0" failures="0" tests="2" name="com.tests.LoginTest" time="37.759" errors="1" timestamp="2026-04-30T16:25:29 IST" skipped="0">
  <testcase classname="com.tests.LoginTest" name="login" time="27.404">
    <error message="element click intercepted: Element &lt;button type=&quot;submit&quot; data-qa=&quot;login-button&quot; class=&quot;btn btn-default&quot;&gt;...&lt;/button&gt; is not clickable at point (330, 433). Other element would receive the click: &lt;iframe id=&quot;aswift_2&quot; name=&quot;aswift_2&quot; style=&quot;min-height: auto !important; max-height: none !important; min-width: auto !important; max-width: none !important; width: 100vw !important; height: 100vh !important; inset: 0px auto auto 0px !important; position: absolute !important; clear: none !important; display: inline !important; float: none !important; margin: 0px !important; opacity: 1 !important; overflow: visible !important; padding: 0px !important; vertical-align: baseline !important; visibility: visible !important; z-index: auto !important;&quot; sandbox=&quot;allow-forms allow-popups allow-popups-to-escape-sandbox allow-same-origin allow-scripts allow-top-navigation-by-user-activation&quot; width=&quot;&quot; height=&quot;&quot; frameborder=&quot;0&quot; marginwidth=&quot;0&quot; marginheight=&quot;0&quot; vspace=&quot;0&quot; hspace=&quot;0&quot; allowtransparency=&quot;true&quot; scrolling=&quot;no&quot; allow=&quot;attribution-reporting; run-ad-auction&quot; src=&quot;https://googleads.g.doubleclick.net/pagead/html/r20260428/r20190131/zrt_lookup_fy2021.html#RS-0-&amp;amp;adk=1812271808&amp;amp;client=ca-pub-1677597403311019&amp;amp;fa=8&amp;amp;ifi=3&amp;amp;uci=a!3&quot; data-google-container-id=&quot;a!3&quot; tabindex=&quot;0&quot; title=&quot;Advertisement&quot; aria-label=&quot;Advertisement&quot; data-google-query-id=&quot;CM2yyN20lZQDFVUDZgQd3qIXag&quot; data-load-complete=&quot;true&quot;&gt;&lt;/iframe&gt;
  (Session info: chrome=147.0.7727.117)
Build info: version: &#039;4.43.0&#039;, revision: &#039;dd0f534&#039;
System info: os.name: &#039;Windows 11&#039;, os.arch: &#039;amd64&#039;, os.version: &#039;10.0&#039;, java.version: &#039;21.0.10&#039;
Driver info: org.openqa.selenium.chrome.ChromeDriver
Command: [56296176d22166d732d13297d160ba5d, clickElement {id=f.10C59C5D8692CFF932C9652B969E4603.d.732B6AAB38D934B51D81CB20901F5043.e.74}]
Capabilities {acceptInsecureCerts: false, browserName: chrome, browserVersion: 147.0.7727.117, chrome: {chromedriverVersion: 147.0.7727.117 (474cc805edd..., userDataDir: C:\Users\tamil\AppData\Loca...}, fedcm:accounts: true, goog:chromeOptions: {debuggerAddress: localhost:63375}, goog:processID: 13200, networkConnectionEnabled: false, pageLoadStrategy: normal, platformName: windows, proxy: Proxy(), se:cdp: ws://localhost:63375/devtoo..., se:cdpVersion: 147.0.7727.117, setWindowRect: true, strictFileInteractability: false, timeouts: {implicit: 0, pageLoad: 300000, script: 30000}, unhandledPromptBehavior: dismiss and notify, webauthn:extension:credBlob: true, webauthn:extension:largeBlob: true, webauthn:extension:minPinLength: true, webauthn:extension:prf: true, webauthn:virtualAuthenticators: true}
Element: [[ChromeDriver: chrome on windows (56296176d22166d732d13297d160ba5d)] -&gt; xpath: //button[normalize-space()=&#039;Login&#039;]]
Session ID: 56296176d22166d732d13297d160ba5d" type="org.openqa.selenium.ElementClickInterceptedException">
      <![CDATA[org.openqa.selenium.ElementClickInterceptedException: element click intercepted: Element <button type="submit" data-qa="login-button" class="btn btn-default">...</button> is not clickable at point (330, 433). Other element would receive the click: <iframe id="aswift_2" name="aswift_2" style="min-height: auto !important; max-height: none !important; min-width: auto !important; max-width: none !important; width: 100vw !important; height: 100vh !important; inset: 0px auto auto 0px !important; position: absolute !important; clear: none !important; display: inline !important; float: none !important; margin: 0px !important; opacity: 1 !important; overflow: visible !important; padding: 0px !important; vertical-align: baseline !important; visibility: visible !important; z-index: auto !important;" sandbox="allow-forms allow-popups allow-popups-to-escape-sandbox allow-same-origin allow-scripts allow-top-navigation-by-user-activation" width="" height="" frameborder="0" marginwidth="0" marginheight="0" vspace="0" hspace="0" allowtransparency="true" scrolling="no" allow="attribution-reporting; run-ad-auction" src="https://googleads.g.doubleclick.net/pagead/html/r20260428/r20190131/zrt_lookup_fy2021.html#RS-0-&amp;adk=1812271808&amp;client=ca-pub-1677597403311019&amp;fa=8&amp;ifi=3&amp;uci=a!3" data-google-container-id="a!3" tabindex="0" title="Advertisement" aria-label="Advertisement" data-google-query-id="CM2yyN20lZQDFVUDZgQd3qIXag" data-load-complete="true"></iframe>
  (Session info: chrome=147.0.7727.117)
Build info: version: '4.43.0', revision: 'dd0f534'
System info: os.name: 'Windows 11', os.arch: 'amd64', os.version: '10.0', java.version: '21.0.10'
Driver info: org.openqa.selenium.chrome.ChromeDriver
Command: [56296176d22166d732d13297d160ba5d, clickElement {id=f.10C59C5D8692CFF932C9652B969E4603.d.732B6AAB38D934B51D81CB20901F5043.e.74}]
Capabilities {acceptInsecureCerts: false, browserName: chrome, browserVersion: 147.0.7727.117, chrome: {chromedriverVersion: 147.0.7727.117 (474cc805edd..., userDataDir: C:\Users\tamil\AppData\Loca...}, fedcm:accounts: true, goog:chromeOptions: {debuggerAddress: localhost:63375}, goog:processID: 13200, networkConnectionEnabled: false, pageLoadStrategy: normal, platformName: windows, proxy: Proxy(), se:cdp: ws://localhost:63375/devtoo..., se:cdpVersion: 147.0.7727.117, setWindowRect: true, strictFileInteractability: false, timeouts: {implicit: 0, pageLoad: 300000, script: 30000}, unhandledPromptBehavior: dismiss and notify, webauthn:extension:credBlob: true, webauthn:extension:largeBlob: true, webauthn:extension:minPinLength: true, webauthn:extension:prf: true, webauthn:virtualAuthenticators: true}
Element: [[ChromeDriver: chrome on windows (56296176d22166d732d13297d160ba5d)] -> xpath: //button[normalize-space()='Login']]
Session ID: 56296176d22166d732d13297d160ba5d
at org.openqa.selenium.remote.ErrorCodec.decode(ErrorCodec.java:169)
at org.openqa.selenium.remote.codec.w3c.W3CHttpResponseCodec.decode(W3CHttpResponseCodec.java:142)
at org.openqa.selenium.remote.codec.w3c.W3CHttpResponseCodec.decode(W3CHttpResponseCodec.java:49)
at org.openqa.selenium.remote.HttpCommandExecutor.execute(HttpCommandExecutor.java:223)
at org.openqa.selenium.remote.service.DriverCommandExecutor.invokeExecute(DriverCommandExecutor.java:216)
at org.openqa.selenium.remote.service.DriverCommandExecutor.execute(DriverCommandExecutor.java:174)
at org.openqa.selenium.remote.RemoteWebDriver.execute(RemoteWebDriver.java:606)
at org.openqa.selenium.remote.RemoteWebElement.execute(RemoteWebElement.java:223)
at org.openqa.selenium.remote.RemoteWebElement.click(RemoteWebElement.java:76)
at java.base/jdk.internal.reflect.DirectMethodHandleAccessor.invoke(DirectMethodHandleAccessor.java:103)
at java.base/java.lang.reflect.Method.invoke(Method.java:580)
at org.openqa.selenium.support.pagefactory.internal.LocatingElementHandler.invoke(LocatingElementHandler.java:51)
at jdk.proxy2/jdk.proxy2.$Proxy15.click(Unknown Source)
at com.pages.LoginPage.login(LoginPage.java:34)
at com.tests.LoginTest.login(LoginTest.java:16)
at java.base/jdk.internal.reflect.DirectMethodHandleAccessor.invoke(DirectMethodHandleAccessor.java:103)
at java.base/java.lang.reflect.Method.invoke(Method.java:580)
at org.testng.internal.invokers.MethodInvocationHelper.invokeMethod(MethodInvocationHelper.java:141)
at org.testng.internal.invokers.TestInvoker.invokeMethod(TestInvoker.java:697)
at org.testng.internal.invokers.TestInvoker.invokeTestMethod(TestInvoker.java:230)
at org.testng.internal.invokers.MethodRunner.runInSequence(MethodRunner.java:63)
at org.testng.internal.invokers.TestInvoker$MethodInvocationAgent.invoke(TestInvoker.java:1005)
at org.testng.internal.invokers.TestInvoker.invokeTestMethods(TestInvoker.java:203)
at org.testng.internal.invokers.TestMethodWorker.invokeTestMethods(TestMethodWorker.java:154)
at org.testng.internal.invokers.TestMethodWorker.run(TestMethodWorker.java:134)
at java.base/java.util.ArrayList.forEach(ArrayList.java:1596)
at org.testng.TestRunner.privateRun(TestRunner.java:744)
at org.testng.TestRunner.run(TestRunner.java:616)
at org.testng.SuiteRunner.runTest(SuiteRunner.java:421)
at org.testng.SuiteRunner.runSequentially(SuiteRunner.java:413)
at org.testng.SuiteRunner.privateRun(SuiteRunner.java:373)
at org.testng.SuiteRunner.run(SuiteRunner.java:312)
at org.testng.SuiteRunnerWorker.runSuite(SuiteRunnerWorker.java:52)
at org.testng.SuiteRunnerWorker.run(SuiteRunnerWorker.java:95)
at org.testng.TestNG.runSuitesSequentially(TestNG.java:1274)
at org.testng.TestNG.runSuitesLocally(TestNG.java:1208)
at org.testng.TestNG.runSuites(TestNG.java:1112)
at org.testng.TestNG.run(TestNG.java:1079)
at org.testng.remote.AbstractRemoteTestNG.run(AbstractRemoteTestNG.java:115)
at org.testng.remote.RemoteTestNG.initAndRun(RemoteTestNG.java:293)
at org.testng.remote.RemoteTestNG.main(RemoteTestNG.java:91)
]]>
    </error>
  </testcase> <!-- login -->
  <testcase classname="com.tests.LoginTest" name="InvalidLogin" time="10.355"/>
</testsuite> <!-- com.tests.LoginTest -->
